<?xml version="1.0" encoding="UTF-8"?>
<!-- Generated by org.testng.reporters.JUnitReportReporter -->
<testsuite hostname="DELEQ0283001801" failures="0" tests="3" name="com.crm.qa.testdata.ContactsPageTest" time="40.934" errors="0" timestamp="2022-07-27T13:53:53 CEST" skipped="0">
  <testcase classname="com.crm.qa.testdata.ContactsPageTest" name="verifyContactsLabelTest" time="13.058"/>
  <system-out/>
  <testcase classname="com.crm.qa.testdata.ContactsPageTest" name="selectContactTest" time="14.706"/>
  <system-out/>
  <testcase classname="com.crm.qa.testdata.ContactsPageTest" name="selectMultipleContactTest" time="13.170"/>
  <system-out/>
</testsuite> <!-- com.crm.qa.testdata.ContactsPageTest -->
