<?xml version="1.0" encoding="UTF-8"?>
<!-- Generated by org.testng.reporters.JUnitReportReporter -->
<testsuite hostname="DELEQ0283001801" failures="0" tests="3" name="com.crm.qa.testdata.HomePageTest" time="34.808" errors="0" timestamp="2022-07-27T12:42:55 CEST" skipped="0">
  <testcase classname="com.crm.qa.testdata.HomePageTest" name="verifyHomePageTitleTest" time="11.036"/>
  <system-out/>
  <testcase classname="com.crm.qa.testdata.HomePageTest" name="verifyUserNameTest" time="10.858"/>
  <system-out/>
  <testcase classname="com.crm.qa.testdata.HomePageTest" name="verifyContactsLink" time="12.914"/>
  <system-out/>
</testsuite> <!-- com.crm.qa.testdata.HomePageTest -->
