<?xml version="1.0" encoding="UTF-8"?>
<!-- Generated by org.testng.reporters.JUnitReportReporter -->
<testsuite hostname="DELEQ0283001801" failures="0" tests="3" name="com.crm.qa.testcases.LoginPageTest" time="22.557" errors="0" timestamp="2022-07-27T14:18:44 CEST" skipped="0">
  <testcase classname="com.crm.qa.testcases.LoginPageTest" name="loginPageTitleTest" time="5.197"/>
  <system-out/>
  <testcase classname="com.crm.qa.testcases.LoginPageTest" name="crmLogoImageTest" time="6.698"/>
  <system-out/>
  <testcase classname="com.crm.qa.testcases.LoginPageTest" name="loginTest" time="10.662"/>
  <system-out/>
</testsuite> <!-- com.crm.qa.testcases.LoginPageTest -->
