<?xml version="1.0" encoding="UTF-8"?>
<!-- Generated by org.testng.reporters.JUnitReportReporter -->
<testsuite hostname="DELEQ0283001801" failures="0" tests="3" name="com.crm.qa.testcases.HomePageTest" time="35.927" errors="0" timestamp="2022-07-27T14:25:15 CEST" skipped="0">
  <testcase classname="com.crm.qa.testcases.HomePageTest" name="verifyHomePageTitleTest" time="13.681"/>
  <system-out/>
  <testcase classname="com.crm.qa.testcases.HomePageTest" name="verifyUserNameTest" time="10.899"/>
  <system-out/>
  <testcase classname="com.crm.qa.testcases.HomePageTest" name="verifyContactsLinkTest" time="11.347"/>
  <system-out/>
</testsuite> <!-- com.crm.qa.testcases.HomePageTest -->
