<?xml version="1.0" encoding="UTF-8"?>
<!-- Generated by org.testng.reporters.JUnitReportReporter -->
<testsuite hostname="DELEQ0283001801" failures="0" tests="3" name="com.crm.qa.testdata.LoginPageTest" time="23.485" errors="0" timestamp="2022-07-26T11:38:39 CEST" skipped="0">
  <testcase classname="com.crm.qa.testdata.LoginPageTest" name="loginPageTitleTest" time="6.276"/>
  <system-out/>
  <testcase classname="com.crm.qa.testdata.LoginPageTest" name="crmLogoImageTest" time="5.287"/>
  <system-out/>
  <testcase classname="com.crm.qa.testdata.LoginPageTest" name="loginTest" time="11.922"/>
  <system-out/>
</testsuite> <!-- com.crm.qa.testdata.LoginPageTest -->
